<?xml version="1.0" encoding="UTF-8"?>
<testsuite name="com.goodtosee.api.repository.NutritionRepositoryTest" tests="1" skipped="0" failures="0" errors="0" timestamp="2021-08-17T03:51:43" hostname="DESKTOP-8HG520P" time="0.437">
  <properties/>
  <testcase name="saveAndGet()" classname="com.goodtosee.api.repository.NutritionRepositoryTest" time="0.437"/>
  <system-out><![CDATA[12:51:37.794 [Test worker] DEBUG org.springframework.test.context.BootstrapUtils - Instantiating CacheAwareContextLoaderDelegate from class [org.springframework.test.context.cache.DefaultCacheAwareContextLoaderDelegate]
12:51:37.813 [Test worker] DEBUG org.springframework.test.context.BootstrapUtils - Instantiating BootstrapContext using constructor [public org.springframework.test.context.support.DefaultBootstrapContext(java.lang.Class,org.springframework.test.context.CacheAwareContextLoaderDelegate)]
12:51:37.865 [Test worker] DEBUG org.springframework.test.context.BootstrapUtils - Instantiating TestContextBootstrapper for test class [com.goodtosee.api.repository.NutritionRepositoryTest] from class [org.springframework.boot.test.context.SpringBootTestContextBootstrapper]
12:51:37.886 [Test worker] INFO org.springframework.boot.test.context.SpringBootTestContextBootstrapper - Neither @ContextConfiguration nor @ContextHierarchy found for test class [com.goodtosee.api.repository.NutritionRepositoryTest], using SpringBootContextLoader
12:51:37.892 [Test worker] DEBUG org.springframework.test.context.support.AbstractContextLoader - Did not detect default resource location for test class [com.goodtosee.api.repository.NutritionRepositoryTest]: class path resource [com/goodtosee/api/repository/NutritionRepositoryTest-context.xml] does not exist
12:51:37.893 [Test worker] DEBUG org.springframework.test.context.support.AbstractContextLoader - Did not detect default resource location for test class [com.goodtosee.api.repository.NutritionRepositoryTest]: class path resource [com/goodtosee/api/repository/NutritionRepositoryTestContext.groovy] does not exist
12:51:37.893 [Test worker] INFO org.springframework.test.context.support.AbstractContextLoader - Could not detect default resource locations for test class [com.goodtosee.api.repository.NutritionRepositoryTest]: no resource found for suffixes {-context.xml, Context.groovy}.
12:51:37.894 [Test worker] INFO org.springframework.test.context.support.AnnotationConfigContextLoaderUtils - Could not detect default configuration classes for test class [com.goodtosee.api.repository.NutritionRepositoryTest]: NutritionRepositoryTest does not declare any static, non-private, non-final, nested classes annotated with @Configuration.
12:51:37.958 [Test worker] DEBUG org.springframework.test.context.support.ActiveProfilesUtils - Could not find an 'annotation declaring class' for annotation type [org.springframework.test.context.ActiveProfiles] and class [com.goodtosee.api.repository.NutritionRepositoryTest]
12:51:38.064 [Test worker] DEBUG org.springframework.context.annotation.ClassPathScanningCandidateComponentProvider - Identified candidate component class: file [C:\Users\82102\Desktop\STUDY\WEB\goottosee\build\classes\java\main\com\goodtosee\api\DemoApplication.class]
12:51:38.065 [Test worker] INFO org.springframework.boot.test.context.SpringBootTestContextBootstrapper - Found @SpringBootConfiguration com.goodtosee.api.DemoApplication for test class com.goodtosee.api.repository.NutritionRepositoryTest
12:51:38.229 [Test worker] DEBUG org.springframework.boot.test.context.SpringBootTestContextBootstrapper - @TestExecutionListeners is not present for class [com.goodtosee.api.repository.NutritionRepositoryTest]: using defaults.
12:51:38.230 [Test worker] INFO org.springframework.boot.test.context.SpringBootTestContextBootstrapper - Loaded default TestExecutionListener class names from location [META-INF/spring.factories]: [org.springframework.boot.test.autoconfigure.restdocs.RestDocsTestExecutionListener, org.springframework.boot.test.autoconfigure.web.client.MockRestServiceServerResetTestExecutionListener, org.springframework.boot.test.autoconfigure.web.servlet.MockMvcPrintOnlyOnFailureTestExecutionListener, org.springframework.boot.test.autoconfigure.web.servlet.WebDriverTestExecutionListener, org.springframework.boot.test.autoconfigure.webservices.client.MockWebServiceServerTestExecutionListener, org.springframework.boot.test.mock.mockito.MockitoTestExecutionListener, org.springframework.boot.test.mock.mockito.ResetMocksTestExecutionListener, org.springframework.test.context.web.ServletTestExecutionListener, org.springframework.test.context.support.DirtiesContextBeforeModesTestExecutionListener, org.springframework.test.context.event.ApplicationEventsTestExecutionListener, org.springframework.test.context.support.DependencyInjectionTestExecutionListener, org.springframework.test.context.support.DirtiesContextTestExecutionListener, org.springframework.test.context.transaction.TransactionalTestExecutionListener, org.springframework.test.context.jdbc.SqlScriptsTestExecutionListener, org.springframework.test.context.event.EventPublishingTestExecutionListener]
12:51:38.259 [Test worker] INFO org.springframework.boot.test.context.SpringBootTestContextBootstrapper - Using TestExecutionListeners: [org.springframework.test.context.web.ServletTestExecutionListener@617a8ee0, org.springframework.test.context.support.DirtiesContextBeforeModesTestExecutionListener@4c9cd8c4, org.springframework.test.context.event.ApplicationEventsTestExecutionListener@6acc5ec6, org.springframework.boot.test.mock.mockito.MockitoTestExecutionListener@5ce61e5, org.springframework.boot.test.autoconfigure.SpringBootDependencyInjectionTestExecutionListener@3076e232, org.springframework.test.context.support.DirtiesContextTestExecutionListener@1a865600, org.springframework.test.context.transaction.TransactionalTestExecutionListener@12b401f8, org.springframework.test.context.jdbc.SqlScriptsTestExecutionListener@64038b02, org.springframework.test.context.event.EventPublishingTestExecutionListener@636392c2, org.springframework.boot.test.autoconfigure.restdocs.RestDocsTestExecutionListener@4b7dfef8, org.springframework.boot.test.autoconfigure.web.client.MockRestServiceServerResetTestExecutionListener@79748dae, org.springframework.boot.test.autoconfigure.web.servlet.MockMvcPrintOnlyOnFailureTestExecutionListener@1575219, org.springframework.boot.test.autoconfigure.web.servlet.WebDriverTestExecutionListener@7edd3573, org.springframework.boot.test.autoconfigure.webservices.client.MockWebServiceServerTestExecutionListener@5af39e6e, org.springframework.boot.test.mock.mockito.ResetMocksTestExecutionListener@7b77163]
12:51:38.264 [Test worker] DEBUG org.springframework.test.context.support.AbstractDirtiesContextTestExecutionListener - Before test class: context [DefaultTestContext@5a9149eb testClass = NutritionRepositoryTest, testInstance = [null], testMethod = [null], testException = [null], mergedContextConfiguration = [WebMergedContextConfiguration@20de543d testClass = NutritionRepositoryTest, locations = '{}', classes = '{class com.goodtosee.api.DemoApplication}', contextInitializerClasses = '[]', activeProfiles = '{}', propertySourceLocations = '{}', propertySourceProperties = '{org.springframework.boot.test.context.SpringBootTestContextBootstrapper=true}', contextCustomizers = set[org.springframework.boot.test.autoconfigure.actuate.metrics.MetricsExportContextCustomizerFactory$DisableMetricExportContextCustomizer@5d0d7d13, org.springframework.boot.test.autoconfigure.properties.PropertyMappingContextCustomizer@0, org.springframework.boot.test.autoconfigure.web.servlet.WebDriverContextCustomizerFactory$Customizer@17c96d3a, org.springframework.boot.test.context.filter.ExcludeFilterContextCustomizer@591a18e, org.springframework.boot.test.json.DuplicateJsonObjectContextCustomizerFactory$DuplicateJsonObjectContextCustomizer@1dfff686, org.springframework.boot.test.mock.mockito.MockitoContextCustomizer@0, org.springframework.boot.test.web.client.TestRestTemplateContextCustomizer@b4166e7, org.springframework.boot.test.context.SpringBootTestArgs@1, org.springframework.boot.test.context.SpringBootTestWebEnvironment@777847aa], resourceBasePath = 'src/main/webapp', contextLoader = 'org.springframework.boot.test.context.SpringBootContextLoader', parent = [null]], attributes = map['org.springframework.test.context.web.ServletTestExecutionListener.activateListener' -> true]], class annotated with @DirtiesContext [false] with mode [null].
12:51:38.300 [Test worker] DEBUG org.springframework.test.context.support.TestPropertySourceUtils - Adding inlined properties to environment: {spring.jmx.enabled=false, org.springframework.boot.test.context.SpringBootTestContextBootstrapper=true}

  .   ____          _            __ _ _
 /\\ / ___'_ __ _ _(_)_ __  __ _ \ \ \ \
( ( )\___ | '_ | '_| | '_ \/ _` | \ \ \ \
 \\/  ___)| |_)| | | | | || (_| |  ) ) ) )
  '  |____| .__|_| |_|_| |_\__, | / / / /
 =========|_|==============|___/=/_/_/_/
 :: Spring Boot ::                (v2.5.3)

2021-08-17 12:51:38.695  INFO 12744 --- [    Test worker] c.g.a.r.NutritionRepositoryTest          : Starting NutritionRepositoryTest using Java 1.8.0_192 on DESKTOP-8HG520P with PID 12744 (started by 82102 in C:\Users\82102\Desktop\STUDY\WEB\goottosee)
2021-08-17 12:51:38.697  INFO 12744 --- [    Test worker] c.g.a.r.NutritionRepositoryTest          : No active profile set, falling back to default profiles: default
2021-08-17 12:51:39.475  INFO 12744 --- [    Test worker] .s.d.r.c.RepositoryConfigurationDelegate : Multiple Spring Data modules found, entering strict repository configuration mode!
2021-08-17 12:51:39.478  INFO 12744 --- [    Test worker] .s.d.r.c.RepositoryConfigurationDelegate : Bootstrapping Spring Data JDBC repositories in DEFAULT mode.
2021-08-17 12:51:39.517  INFO 12744 --- [    Test worker] .RepositoryConfigurationExtensionSupport : Spring Data JDBC - Could not safely identify store assignment for repository candidate interface com.goodtosee.api.repository.NutritionRepository. If you want this repository to be a JDBC repository, consider annotating your entities with one of these annotations: org.springframework.data.relational.core.mapping.Table.
2021-08-17 12:51:39.518  INFO 12744 --- [    Test worker] .s.d.r.c.RepositoryConfigurationDelegate : Finished Spring Data repository scanning in 34 ms. Found 0 JDBC repository interfaces.
2021-08-17 12:51:39.527  INFO 12744 --- [    Test worker] .s.d.r.c.RepositoryConfigurationDelegate : Multiple Spring Data modules found, entering strict repository configuration mode!
2021-08-17 12:51:39.528  INFO 12744 --- [    Test worker] .s.d.r.c.RepositoryConfigurationDelegate : Bootstrapping Spring Data JPA repositories in DEFAULT mode.
2021-08-17 12:51:39.567  INFO 12744 --- [    Test worker] .s.d.r.c.RepositoryConfigurationDelegate : Finished Spring Data repository scanning in 34 ms. Found 1 JPA repository interfaces.
2021-08-17 12:51:40.235  INFO 12744 --- [    Test worker] o.hibernate.jpa.internal.util.LogHelper  : HHH000204: Processing PersistenceUnitInfo [name: default]
2021-08-17 12:51:40.343  INFO 12744 --- [    Test worker] org.hibernate.Version                    : HHH000412: Hibernate ORM core version 5.4.32.Final
2021-08-17 12:51:40.537  INFO 12744 --- [    Test worker] o.hibernate.annotations.common.Version   : HCANN000001: Hibernate Commons Annotations {5.1.2.Final}
2021-08-17 12:51:40.686  INFO 12744 --- [    Test worker] com.zaxxer.hikari.HikariDataSource       : HikariPool-1 - Starting...
2021-08-17 12:51:40.958  INFO 12744 --- [    Test worker] com.zaxxer.hikari.HikariDataSource       : HikariPool-1 - Start completed.
2021-08-17 12:51:40.983  INFO 12744 --- [    Test worker] org.hibernate.dialect.Dialect            : HHH000400: Using dialect: org.hibernate.dialect.MySQL57Dialect
2021-08-17 12:51:41.833  INFO 12744 --- [    Test worker] o.h.e.t.j.p.i.JtaPlatformInitiator       : HHH000490: Using JtaPlatform implementation: [org.hibernate.engine.transaction.jta.platform.internal.NoJtaPlatform]
2021-08-17 12:51:41.845  INFO 12744 --- [    Test worker] j.LocalContainerEntityManagerFactoryBean : Initialized JPA EntityManagerFactory for persistence unit 'default'
2021-08-17 12:51:42.165  WARN 12744 --- [    Test worker] JpaBaseConfiguration$JpaWebConfiguration : spring.jpa.open-in-view is enabled by default. Therefore, database queries may be performed during view rendering. Explicitly configure spring.jpa.open-in-view to disable this warning
2021-08-17 12:51:43.860  INFO 12744 --- [    Test worker] c.g.a.r.NutritionRepositoryTest          : Started NutritionRepositoryTest in 5.553 seconds (JVM running for 7.158)
2021-08-17 12:51:43.908  INFO 12744 --- [    Test worker] o.s.t.c.transaction.TransactionContext   : Began transaction (1) for test context [DefaultTestContext@5a9149eb testClass = NutritionRepositoryTest, testInstance = com.goodtosee.api.repository.NutritionRepositoryTest@1e94654d, testMethod = saveAndGet@NutritionRepositoryTest, testException = [null], mergedContextConfiguration = [WebMergedContextConfiguration@20de543d testClass = NutritionRepositoryTest, locations = '{}', classes = '{class com.goodtosee.api.DemoApplication}', contextInitializerClasses = '[]', activeProfiles = '{}', propertySourceLocations = '{}', propertySourceProperties = '{org.springframework.boot.test.context.SpringBootTestContextBootstrapper=true}', contextCustomizers = set[org.springframework.boot.test.autoconfigure.actuate.metrics.MetricsExportContextCustomizerFactory$DisableMetricExportContextCustomizer@5d0d7d13, org.springframework.boot.test.autoconfigure.properties.PropertyMappingContextCustomizer@0, org.springframework.boot.test.autoconfigure.web.servlet.WebDriverContextCustomizerFactory$Customizer@17c96d3a, org.springframework.boot.test.context.filter.ExcludeFilterContextCustomizer@591a18e, org.springframework.boot.test.json.DuplicateJsonObjectContextCustomizerFactory$DuplicateJsonObjectContextCustomizer@1dfff686, org.springframework.boot.test.mock.mockito.MockitoContextCustomizer@0, org.springframework.boot.test.web.client.TestRestTemplateContextCustomizer@b4166e7, org.springframework.boot.test.context.SpringBootTestArgs@1, org.springframework.boot.test.context.SpringBootTestWebEnvironment@777847aa], resourceBasePath = 'src/main/webapp', contextLoader = 'org.springframework.boot.test.context.SpringBootContextLoader', parent = [null]], attributes = map['org.springframework.test.context.web.ServletTestExecutionListener.activateListener' -> true, 'org.springframework.test.context.web.ServletTestExecutionListener.populatedRequestContextHolder' -> true, 'org.springframework.test.context.web.ServletTestExecutionListener.resetRequestContextHolder' -> true, 'org.springframework.test.context.event.ApplicationEventsTestExecutionListener.recordApplicationEvents' -> false]]; transaction manager [org.springframework.orm.jpa.JpaTransactionManager@5e4961cb]; rollback [true]
Hibernate: insert into nutrition (allergies, calories, name, size) values (?, ?, ?, ?)
Hibernate: select nutrition0_.nutrition_id as nutritio1_0_, nutrition0_.allergies as allergie2_0_, nutrition0_.calories as calories3_0_, nutrition0_.name as name4_0_, nutrition0_.size as size5_0_ from nutrition nutrition0_ where nutrition0_.name=?
2021-08-17 12:51:44.320  INFO 12744 --- [    Test worker] o.s.t.c.transaction.TransactionContext   : Rolled back transaction for test: [DefaultTestContext@5a9149eb testClass = NutritionRepositoryTest, testInstance = com.goodtosee.api.repository.NutritionRepositoryTest@1e94654d, testMethod = saveAndGet@NutritionRepositoryTest, testException = [null], mergedContextConfiguration = [WebMergedContextConfiguration@20de543d testClass = NutritionRepositoryTest, locations = '{}', classes = '{class com.goodtosee.api.DemoApplication}', contextInitializerClasses = '[]', activeProfiles = '{}', propertySourceLocations = '{}', propertySourceProperties = '{org.springframework.boot.test.context.SpringBootTestContextBootstrapper=true}', contextCustomizers = set[org.springframework.boot.test.autoconfigure.actuate.metrics.MetricsExportContextCustomizerFactory$DisableMetricExportContextCustomizer@5d0d7d13, org.springframework.boot.test.autoconfigure.properties.PropertyMappingContextCustomizer@0, org.springframework.boot.test.autoconfigure.web.servlet.WebDriverContextCustomizerFactory$Customizer@17c96d3a, org.springframework.boot.test.context.filter.ExcludeFilterContextCustomizer@591a18e, org.springframework.boot.test.json.DuplicateJsonObjectContextCustomizerFactory$DuplicateJsonObjectContextCustomizer@1dfff686, org.springframework.boot.test.mock.mockito.MockitoContextCustomizer@0, org.springframework.boot.test.web.client.TestRestTemplateContextCustomizer@b4166e7, org.springframework.boot.test.context.SpringBootTestArgs@1, org.springframework.boot.test.context.SpringBootTestWebEnvironment@777847aa], resourceBasePath = 'src/main/webapp', contextLoader = 'org.springframework.boot.test.context.SpringBootContextLoader', parent = [null]], attributes = map['org.springframework.test.context.web.ServletTestExecutionListener.activateListener' -> true, 'org.springframework.test.context.web.ServletTestExecutionListener.populatedRequestContextHolder' -> true, 'org.springframework.test.context.web.ServletTestExecutionListener.resetRequestContextHolder' -> true, 'org.springframework.test.context.event.ApplicationEventsTestExecutionListener.recordApplicationEvents' -> false]]
]]></system-out>
  <system-err><![CDATA[]]></system-err>
</testsuite>
